This file contains any messages produced by compilers while
running configure, to aid debugging if configure makes a mistake.

It was created by PFICT configure 1.0, which was
generated by GNU Autoconf 2.71.  Invocation command line was

  $ ./configure --prefix /home/parsa/Templates/programming-for-tlc-exam-16-2-2023/autotools-structure/

## --------- ##
## Platform. ##
## --------- ##

hostname = parsa-IdeaPad-3-15ADA6
uname -m = x86_64
uname -r = 5.19.0-41-generic
uname -s = Linux
uname -v = #42~22.04.1-Ubuntu SMP PREEMPT_DYNAMIC Tue Apr 18 17:40:00 UTC 2

/usr/bin/uname -p = x86_64
/bin/uname -X     = unknown

/bin/arch              = x86_64
/usr/bin/arch -k       = unknown
/usr/convex/getsysinfo = unknown
/usr/bin/hostinfo      = unknown
/bin/machine           = unknown
/usr/bin/oslevel       = unknown
/bin/universe          = unknown

PATH: /home/parsa/anaconda3/condabin/
PATH: /home/parsa/Documents/install-lnx/gcc-arm-10.3-2021.07-x86_64-arm-none-linux-gnueabihf/bin/
PATH: /home/parsa/.cargo/bin/
PATH: /home/parsa/.local/bin/
PATH: /usr/local/sbin/
PATH: /usr/local/bin/
PATH: /usr/sbin/
PATH: /usr/bin/
PATH: /sbin/
PATH: /bin/
PATH: /usr/games/
PATH: /usr/local/games/
PATH: /snap/bin/
PATH: /snap/bin/


## ----------- ##
## Core tests. ##
## ----------- ##

configure:2718: looking for aux files: config.guess config.sub ltmain.sh compile ar-lib missing install-sh
configure:2731:  trying ./
configure:2760:   ./config.guess found
configure:2760:   ./config.sub found
configure:2760:   ./ltmain.sh found
configure:2760:   ./compile found
configure:2760:   ./ar-lib found
configure:2760:   ./missing found
configure:2742:   ./install-sh found
configure:2889: checking for a BSD-compatible install
configure:2962: result: /usr/bin/install -c
configure:2973: checking whether build environment is sane
configure:3028: result: yes
configure:3187: checking for a race-free mkdir -p
configure:3231: result: /usr/bin/mkdir -p
configure:3238: checking for gawk
configure:3259: found /usr/bin/gawk
configure:3270: result: gawk
configure:3281: checking whether make sets $(MAKE)
configure:3304: result: yes
configure:3334: checking whether make supports nested variables
configure:3352: result: yes
configure:3563: checking for g++
configure:3584: found /usr/bin/g++
configure:3595: result: g++
configure:3622: checking for C++ compiler version
configure:3631: g++ --version >&5
g++ (Ubuntu 11.3.0-1ubuntu1~22.04) 11.3.0
Copyright (C) 2021 Free Software Foundation, Inc.
This is free software; see the source for copying conditions.  There is NO
warranty; not even for MERCHANTABILITY or FITNESS FOR A PARTICULAR PURPOSE.

configure:3642: $? = 0
configure:3631: g++ -v >&5
Using built-in specs.
COLLECT_GCC=g++
COLLECT_LTO_WRAPPER=/usr/lib/gcc/x86_64-linux-gnu/11/lto-wrapper
OFFLOAD_TARGET_NAMES=nvptx-none:amdgcn-amdhsa
OFFLOAD_TARGET_DEFAULT=1
Target: x86_64-linux-gnu
Configured with: ../src/configure -v --with-pkgversion='Ubuntu 11.3.0-1ubuntu1~22.04' --with-bugurl=file:///usr/share/doc/gcc-11/README.Bugs --enable-languages=c,ada,c++,go,brig,d,fortran,objc,obj-c++,m2 --prefix=/usr --with-gcc-major-version-only --program-suffix=-11 --program-prefix=x86_64-linux-gnu- --enable-shared --enable-linker-build-id --libexecdir=/usr/lib --without-included-gettext --enable-threads=posix --libdir=/usr/lib --enable-nls --enable-bootstrap --enable-clocale=gnu --enable-libstdcxx-debug --enable-libstdcxx-time=yes --with-default-libstdcxx-abi=new --enable-gnu-unique-object --disable-vtable-verify --enable-plugin --enable-default-pie --with-system-zlib --enable-libphobos-checking=release --with-target-system-zlib=auto --enable-objc-gc=auto --enable-multiarch --disable-werror --enable-cet --with-arch-32=i686 --with-abi=m64 --with-multilib-list=m32,m64,mx32 --enable-multilib --with-tune=generic --enable-offload-targets=nvptx-none=/build/gcc-11-xKiWfi/gcc-11-11.3.0/debian/tmp-nvptx/usr,amdgcn-amdhsa=/build/gcc-11-xKiWfi/gcc-11-11.3.0/debian/tmp-gcn/usr --without-cuda-driver --enable-checking=release --build=x86_64-linux-gnu --host=x86_64-linux-gnu --target=x86_64-linux-gnu --with-build-config=bootstrap-lto-lean --enable-link-serialization=2
Thread model: posix
Supported LTO compression algorithms: zlib zstd
gcc version 11.3.0 (Ubuntu 11.3.0-1ubuntu1~22.04) 
... rest of stderr output deleted ...
configure:3642: $? = 0
configure:3631: g++ -V >&5
g++: error: unrecognized command-line option '-V'
g++: fatal error: no input files
compilation terminated.
configure:3642: $? = 1
configure:3631: g++ -qversion >&5
g++: error: unrecognized command-line option '-qversion'; did you mean '--version'?
g++: fatal error: no input files
compilation terminated.
configure:3642: $? = 1
configure:3662: checking whether the C++ compiler works
configure:3684: g++    conftest.cpp  >&5
configure:3688: $? = 0
configure:3738: result: yes
configure:3741: checking for C++ compiler default output file name
configure:3743: result: a.out
configure:3749: checking for suffix of executables
configure:3756: g++ -o conftest    conftest.cpp  >&5
configure:3760: $? = 0
configure:3783: result: 
configure:3805: checking whether we are cross compiling
configure:3813: g++ -o conftest    conftest.cpp  >&5
configure:3817: $? = 0
configure:3824: ./conftest
configure:3828: $? = 0
configure:3843: result: no
configure:3848: checking for suffix of object files
configure:3871: g++ -c   conftest.cpp >&5
configure:3875: $? = 0
configure:3897: result: o
configure:3901: checking whether the compiler supports GNU C++
configure:3921: g++ -c   conftest.cpp >&5
configure:3921: $? = 0
configure:3931: result: yes
configure:3942: checking whether g++ accepts -g
configure:3963: g++ -c -g  conftest.cpp >&5
configure:3963: $? = 0
configure:4007: result: yes
configure:4027: checking for g++ option to enable C++11 features
configure:4042: g++  -c -g -O2  conftest.cpp >&5
conftest.cpp: In function 'int main(int, char**)':
conftest.cpp:177:25: warning: empty parentheses were disambiguated as a function declaration [-Wvexing-parse]
  177 |   cxx11test::delegate d2();
      |                         ^~
conftest.cpp:177:25: note: remove parentheses to default-initialize a variable
  177 |   cxx11test::delegate d2();
      |                         ^~
      |                         --
conftest.cpp:177:25: note: or replace parentheses with braces to value-initialize a variable
configure:4042: $? = 0
configure:4060: result: none needed
configure:4127: checking whether make supports the include directive
configure:4142: make -f confmf.GNU && cat confinc.out
this is the am__doit target
configure:4145: $? = 0
configure:4164: result: yes (GNU style)
configure:4190: checking dependency style of g++
configure:4302: result: gcc3
configure:4379: checking for gcc
configure:4400: found /usr/bin/gcc
configure:4411: result: gcc
configure:4764: checking for C compiler version
configure:4773: gcc --version >&5
gcc (Ubuntu 11.3.0-1ubuntu1~22.04) 11.3.0
Copyright (C) 2021 Free Software Foundation, Inc.
This is free software; see the source for copying conditions.  There is NO
warranty; not even for MERCHANTABILITY or FITNESS FOR A PARTICULAR PURPOSE.

configure:4784: $? = 0
configure:4773: gcc -v >&5
Using built-in specs.
COLLECT_GCC=gcc
COLLECT_LTO_WRAPPER=/usr/lib/gcc/x86_64-linux-gnu/11/lto-wrapper
OFFLOAD_TARGET_NAMES=nvptx-none:amdgcn-amdhsa
OFFLOAD_TARGET_DEFAULT=1
Target: x86_64-linux-gnu
Configured with: ../src/configure -v --with-pkgversion='Ubuntu 11.3.0-1ubuntu1~22.04' --with-bugurl=file:///usr/share/doc/gcc-11/README.Bugs --enable-languages=c,ada,c++,go,brig,d,fortran,objc,obj-c++,m2 --prefix=/usr --with-gcc-major-version-only --program-suffix=-11 --program-prefix=x86_64-linux-gnu- --enable-shared --enable-linker-build-id --libexecdir=/usr/lib --without-included-gettext --enable-threads=posix --libdir=/usr/lib --enable-nls --enable-bootstrap --enable-clocale=gnu --enable-libstdcxx-debug --enable-libstdcxx-time=yes --with-default-libstdcxx-abi=new --enable-gnu-unique-object --disable-vtable-verify --enable-plugin --enable-default-pie --with-system-zlib --enable-libphobos-checking=release --with-target-system-zlib=auto --enable-objc-gc=auto --enable-multiarch --disable-werror --enable-cet --with-arch-32=i686 --with-abi=m64 --with-multilib-list=m32,m64,mx32 --enable-multilib --with-tune=generic --enable-offload-targets=nvptx-none=/build/gcc-11-xKiWfi/gcc-11-11.3.0/debian/tmp-nvptx/usr,amdgcn-amdhsa=/build/gcc-11-xKiWfi/gcc-11-11.3.0/debian/tmp-gcn/usr --without-cuda-driver --enable-checking=release --build=x86_64-linux-gnu --host=x86_64-linux-gnu --target=x86_64-linux-gnu --with-build-config=bootstrap-lto-lean --enable-link-serialization=2
Thread model: posix
Supported LTO compression algorithms: zlib zstd
gcc version 11.3.0 (Ubuntu 11.3.0-1ubuntu1~22.04) 
... rest of stderr output deleted ...
configure:4784: $? = 0
configure:4773: gcc -V >&5
gcc: error: unrecognized command-line option '-V'
gcc: fatal error: no input files
compilation terminated.
configure:4784: $? = 1
configure:4773: gcc -qversion >&5
gcc: error: unrecognized command-line option '-qversion'; did you mean '--version'?
gcc: fatal error: no input files
compilation terminated.
configure:4784: $? = 1
configure:4773: gcc -version >&5
gcc: error: unrecognized command-line option '-version'
gcc: fatal error: no input files
compilation terminated.
configure:4784: $? = 1
configure:4788: checking whether the compiler supports GNU C
configure:4808: gcc -c   conftest.c >&5
configure:4808: $? = 0
configure:4818: result: yes
configure:4829: checking whether gcc accepts -g
configure:4850: gcc -c -g  conftest.c >&5
configure:4850: $? = 0
configure:4894: result: yes
configure:4914: checking for gcc option to enable C11 features
configure:4929: gcc  -c -g -O2  conftest.c >&5
configure:4929: $? = 0
configure:4947: result: none needed
configure:5063: checking whether gcc understands -c and -o together
configure:5086: gcc -c conftest.c -o conftest2.o
configure:5089: $? = 0
configure:5086: gcc -c conftest.c -o conftest2.o
configure:5089: $? = 0
configure:5101: result: yes
configure:5120: checking dependency style of gcc
configure:5232: result: gcc3
configure:5303: checking for ar
configure:5324: found /usr/bin/ar
configure:5335: result: ar
configure:5361: checking the archiver (ar) interface
configure:5378: gcc -c -g -O2  conftest.c >&5
configure:5378: $? = 0
configure:5381: ar cru libconftest.a conftest.o >&5
ar: `u' modifier ignored since `D' is the default (see `U')
configure:5384: $? = 0
configure:5412: result: ar
configure:5432: checking whether make sets $(MAKE)
configure:5455: result: yes
configure:5496: checking build system type
configure:5511: result: x86_64-pc-linux-gnu
configure:5531: checking host system type
configure:5545: result: x86_64-pc-linux-gnu
configure:5586: checking how to print strings
configure:5613: result: printf
configure:5634: checking for a sed that does not truncate output
configure:5704: result: /usr/bin/sed
configure:5722: checking for grep that handles long lines and -e
configure:5786: result: /usr/bin/grep
configure:5791: checking for egrep
configure:5859: result: /usr/bin/grep -E
configure:5864: checking for fgrep
configure:5932: result: /usr/bin/grep -F
configure:5968: checking for ld used by gcc
configure:6036: result: /usr/bin/ld
configure:6043: checking if the linker (/usr/bin/ld) is GNU ld
configure:6059: result: yes
configure:6071: checking for BSD- or MS-compatible name lister (nm)
configure:6126: result: /usr/bin/nm -B
configure:6266: checking the name lister (/usr/bin/nm -B) interface
configure:6274: g++ -c -g -O2  conftest.cpp >&5
configure:6277: /usr/bin/nm -B "conftest.o"
configure:6280: output
0000000000000000 B some_variable
configure:6287: result: BSD nm
configure:6290: checking whether ln -s works
configure:6294: result: yes
configure:6302: checking the maximum length of command line arguments
configure:6434: result: 1572864
configure:6482: checking how to convert x86_64-pc-linux-gnu file names to x86_64-pc-linux-gnu format
configure:6523: result: func_convert_file_noop
configure:6530: checking how to convert x86_64-pc-linux-gnu file names to toolchain format
configure:6551: result: func_convert_file_noop
configure:6558: checking for /usr/bin/ld option to reload object files
configure:6566: result: -r
configure:6645: checking for objdump
configure:6666: found /usr/bin/objdump
configure:6677: result: objdump
configure:6709: checking how to recognize dependent libraries
configure:6910: result: pass_all
configure:7000: checking for dlltool
configure:7035: result: no
configure:7065: checking how to associate runtime and link libraries
configure:7093: result: printf %s\n
configure:7228: checking for archiver @FILE support
configure:7246: g++ -c -g -O2  conftest.cpp >&5
configure:7246: $? = 0
configure:7250: ar cr libconftest.a @conftest.lst >&5
configure:7253: $? = 0
configure:7258: ar cr libconftest.a @conftest.lst >&5
ar: conftest.o: No such file or directory
configure:7261: $? = 1
configure:7273: result: @
configure:7336: checking for strip
configure:7357: found /usr/bin/strip
configure:7368: result: strip
configure:7445: checking for ranlib
configure:7466: found /usr/bin/ranlib
configure:7477: result: ranlib
configure:7579: checking command to parse /usr/bin/nm -B output from gcc object
configure:7733: g++ -c -g -O2  conftest.cpp >&5
configure:7736: $? = 0
configure:7740: /usr/bin/nm -B conftest.o | sed -n -e 's/^.*[	 ]\([ABCDGIRSTW][ABCDGIRSTW]*\)[	 ][	 ]*\([_A-Za-z][_A-Za-z0-9]*\)$/\1 \2 \2/p' | sed '/ __gnu_lto/d' > conftest.nm
configure:7806: g++ -o conftest -g -O2   conftest.cpp conftstm.o >&5
configure:7809: $? = 0
configure:7847: result: ok
configure:7894: checking for sysroot
configure:7925: result: no
configure:7932: checking for a working dd
configure:7976: result: /usr/bin/dd
configure:7980: checking how to truncate binary pipes
configure:7996: result: /usr/bin/dd bs=4096 count=1
configure:8133: g++ -c -g -O2  conftest.cpp >&5
configure:8136: $? = 0
configure:8333: checking for mt
configure:8354: found /usr/bin/mt
configure:8365: result: mt
configure:8388: checking if mt is a manifest tool
configure:8395: mt '-?'
configure:8403: result: no
configure:9133: checking for stdio.h
configure:9133: g++ -c -g -O2  conftest.cpp >&5
configure:9133: $? = 0
configure:9133: result: yes
configure:9133: checking for stdlib.h
configure:9133: g++ -c -g -O2  conftest.cpp >&5
configure:9133: $? = 0
configure:9133: result: yes
configure:9133: checking for string.h
configure:9133: g++ -c -g -O2  conftest.cpp >&5
configure:9133: $? = 0
configure:9133: result: yes
configure:9133: checking for inttypes.h
configure:9133: g++ -c -g -O2  conftest.cpp >&5
configure:9133: $? = 0
configure:9133: result: yes
configure:9133: checking for stdint.h
configure:9133: g++ -c -g -O2  conftest.cpp >&5
configure:9133: $? = 0
configure:9133: result: yes
configure:9133: checking for strings.h
configure:9133: g++ -c -g -O2  conftest.cpp >&5
configure:9133: $? = 0
configure:9133: result: yes
configure:9133: checking for sys/stat.h
configure:9133: g++ -c -g -O2  conftest.cpp >&5
configure:9133: $? = 0
configure:9133: result: yes
configure:9133: checking for sys/types.h
configure:9133: g++ -c -g -O2  conftest.cpp >&5
configure:9133: $? = 0
configure:9133: result: yes
configure:9133: checking for unistd.h
configure:9133: g++ -c -g -O2  conftest.cpp >&5
configure:9133: $? = 0
configure:9133: result: yes
configure:9158: checking for dlfcn.h
configure:9158: g++ -c -g -O2  conftest.cpp >&5
configure:9158: $? = 0
configure:9158: result: yes
configure:9427: checking for objdir
configure:9443: result: .libs
configure:9707: checking if gcc supports -fno-rtti -fno-exceptions
configure:9726: gcc -c -g -O2  -fno-rtti -fno-exceptions conftest.c >&5
cc1: warning: command-line option '-fno-rtti' is valid for C++/D/ObjC++ but not for C
configure:9730: $? = 0
configure:9743: result: no
configure:10107: checking for gcc option to produce PIC
configure:10115: result: -fPIC -DPIC
configure:10123: checking if gcc PIC flag -fPIC -DPIC works
configure:10142: gcc -c -g -O2  -fPIC -DPIC -DPIC conftest.c >&5
configure:10146: $? = 0
configure:10159: result: yes
configure:10188: checking if gcc static flag -static works
configure:10217: result: yes
configure:10232: checking if gcc supports -c -o file.o
configure:10254: gcc -c -g -O2  -o out/conftest2.o conftest.c >&5
configure:10258: $? = 0
configure:10280: result: yes
configure:10288: checking if gcc supports -c -o file.o
configure:10336: result: yes
configure:10369: checking whether the gcc linker (/usr/bin/ld -m elf_x86_64) supports shared libraries
configure:11639: result: yes
configure:11676: checking whether -lc should be explicitly linked in
configure:11685: gcc -c -g -O2  conftest.c >&5
configure:11688: $? = 0
configure:11703: gcc -shared  -fPIC -DPIC conftest.o  -v -Wl,-soname -Wl,conftest -o conftest 2\>\&1 \| /usr/bin/grep  -lc  \>/dev/null 2\>\&1
configure:11706: $? = 0
configure:11720: result: no
configure:11880: checking dynamic linker characteristics
configure:12462: gcc -o conftest -g -O2   -Wl,-rpath -Wl,/foo conftest.c  >&5
configure:12462: $? = 0
configure:12713: result: GNU/Linux ld.so
configure:12835: checking how to hardcode library paths into programs
configure:12860: result: immediate
configure:13412: checking whether stripping libraries is possible
configure:13417: result: yes
configure:13452: checking if libtool supports shared libraries
configure:13454: result: yes
configure:13457: checking whether to build shared libraries
configure:13482: result: yes
configure:13485: checking whether to build static libraries
configure:13489: result: yes
configure:13512: checking how to run the C++ preprocessor
configure:13534: g++ -E  conftest.cpp
configure:13534: $? = 0
configure:13549: g++ -E  conftest.cpp
conftest.cpp:23:10: fatal error: ac_nonexistent.h: No such file or directory
   23 | #include <ac_nonexistent.h>
      |          ^~~~~~~~~~~~~~~~~~
compilation terminated.
configure:13549: $? = 1
configure: failed program was:
| /* confdefs.h */
| #define PACKAGE_NAME "PFICT"
| #define PACKAGE_TARNAME "pfict"
| #define PACKAGE_VERSION "1.0"
| #define PACKAGE_STRING "PFICT 1.0"
| #define PACKAGE_BUGREPORT ""
| #define PACKAGE_URL ""
| #define PACKAGE "pfict"
| #define VERSION "1.0"
| #define HAVE_STDIO_H 1
| #define HAVE_STDLIB_H 1
| #define HAVE_STRING_H 1
| #define HAVE_INTTYPES_H 1
| #define HAVE_STDINT_H 1
| #define HAVE_STRINGS_H 1
| #define HAVE_SYS_STAT_H 1
| #define HAVE_SYS_TYPES_H 1
| #define HAVE_UNISTD_H 1
| #define STDC_HEADERS 1
| #define HAVE_DLFCN_H 1
| #define LT_OBJDIR ".libs/"
| /* end confdefs.h.  */
| #include <ac_nonexistent.h>
configure:13576: result: g++ -E
configure:13590: g++ -E  conftest.cpp
configure:13590: $? = 0
configure:13605: g++ -E  conftest.cpp
conftest.cpp:23:10: fatal error: ac_nonexistent.h: No such file or directory
   23 | #include <ac_nonexistent.h>
      |          ^~~~~~~~~~~~~~~~~~
compilation terminated.
configure:13605: $? = 1
configure: failed program was:
| /* confdefs.h */
| #define PACKAGE_NAME "PFICT"
| #define PACKAGE_TARNAME "pfict"
| #define PACKAGE_VERSION "1.0"
| #define PACKAGE_STRING "PFICT 1.0"
| #define PACKAGE_BUGREPORT ""
| #define PACKAGE_URL ""
| #define PACKAGE "pfict"
| #define VERSION "1.0"
| #define HAVE_STDIO_H 1
| #define HAVE_STDLIB_H 1
| #define HAVE_STRING_H 1
| #define HAVE_INTTYPES_H 1
| #define HAVE_STDINT_H 1
| #define HAVE_STRINGS_H 1
| #define HAVE_SYS_STAT_H 1
| #define HAVE_SYS_TYPES_H 1
| #define HAVE_UNISTD_H 1
| #define STDC_HEADERS 1
| #define HAVE_DLFCN_H 1
| #define LT_OBJDIR ".libs/"
| /* end confdefs.h.  */
| #include <ac_nonexistent.h>
configure:13770: checking for ld used by g++
configure:13838: result: /usr/bin/ld -m elf_x86_64
configure:13845: checking if the linker (/usr/bin/ld -m elf_x86_64) is GNU ld
configure:13861: result: yes
configure:13916: checking whether the g++ linker (/usr/bin/ld -m elf_x86_64) supports shared libraries
configure:14993: result: yes
configure:15029: g++ -c -g -O2  conftest.cpp >&5
configure:15032: $? = 0
configure:15513: checking for g++ option to produce PIC
configure:15521: result: -fPIC -DPIC
configure:15529: checking if g++ PIC flag -fPIC -DPIC works
configure:15548: g++ -c -g -O2  -fPIC -DPIC -DPIC conftest.cpp >&5
configure:15552: $? = 0
configure:15565: result: yes
configure:15588: checking if g++ static flag -static works
configure:15617: result: yes
configure:15629: checking if g++ supports -c -o file.o
configure:15651: g++ -c -g -O2  -o out/conftest2.o conftest.cpp >&5
configure:15655: $? = 0
configure:15677: result: yes
configure:15682: checking if g++ supports -c -o file.o
configure:15730: result: yes
configure:15760: checking whether the g++ linker (/usr/bin/ld -m elf_x86_64) supports shared libraries
configure:15803: result: yes
configure:15945: checking dynamic linker characteristics
configure:16705: result: GNU/Linux ld.so
configure:16770: checking how to hardcode library paths into programs
configure:16795: result: immediate
configure:17224: checking for pthread_create in -lpthread
configure:17246: g++ -o conftest -g -O2   conftest.cpp -lpthread   >&5
configure:17246: $? = 0
configure:17256: result: yes
configure:17477: checking that generated files are newer than configure
configure:17483: result: done
configure:17514: creating ./config.status

## ---------------------- ##
## Running config.status. ##
## ---------------------- ##

This file was extended by PFICT config.status 1.0, which was
generated by GNU Autoconf 2.71.  Invocation command line was

  CONFIG_FILES    = 
  CONFIG_HEADERS  = 
  CONFIG_LINKS    = 
  CONFIG_COMMANDS = 
  $ ./config.status 

on parsa-IdeaPad-3-15ADA6

config.status:1089: creating Makefile
config.status:1089: creating m4/Makefile
config.status:1089: creating basic_utilities/Makefile
config.status:1089: creating second_exam/Makefile
config.status:1089: creating test/basic_utilities_test/Makefile
config.status:1089: creating test/second_exam_test/Makefile
config.status:1261: executing depfiles commands
config.status:1338: cd basic_utilities       && sed -e '/# am--include-marker/d' Makefile         | make -f - am--depfiles
config.status:1343: $? = 0
config.status:1338: cd second_exam       && sed -e '/# am--include-marker/d' Makefile         | make -f - am--depfiles
config.status:1343: $? = 0
config.status:1338: cd test/basic_utilities_test       && sed -e '/# am--include-marker/d' Makefile         | make -f - am--depfiles
config.status:1343: $? = 0
config.status:1338: cd test/second_exam_test       && sed -e '/# am--include-marker/d' Makefile         | make -f - am--depfiles
config.status:1343: $? = 0
config.status:1261: executing libtool commands

## ---------------- ##
## Cache variables. ##
## ---------------- ##

ac_cv_build=x86_64-pc-linux-gnu
ac_cv_c_compiler_gnu=yes
ac_cv_cxx_compiler_gnu=yes
ac_cv_env_CCC_set=
ac_cv_env_CCC_value=
ac_cv_env_CC_set=
ac_cv_env_CC_value=
ac_cv_env_CFLAGS_set=
ac_cv_env_CFLAGS_value=
ac_cv_env_CPPFLAGS_set=
ac_cv_env_CPPFLAGS_value=
ac_cv_env_CXXCPP_set=
ac_cv_env_CXXCPP_value=
ac_cv_env_CXXFLAGS_set=
ac_cv_env_CXXFLAGS_value=
ac_cv_env_CXX_set=
ac_cv_env_CXX_value=
ac_cv_env_LDFLAGS_set=
ac_cv_env_LDFLAGS_value=
ac_cv_env_LIBS_set=
ac_cv_env_LIBS_value=
ac_cv_env_LT_SYS_LIBRARY_PATH_set=
ac_cv_env_LT_SYS_LIBRARY_PATH_value=
ac_cv_env_build_alias_set=
ac_cv_env_build_alias_value=
ac_cv_env_host_alias_set=
ac_cv_env_host_alias_value=
ac_cv_env_target_alias_set=
ac_cv_env_target_alias_value=
ac_cv_header_dlfcn_h=yes
ac_cv_header_inttypes_h=yes
ac_cv_header_stdint_h=yes
ac_cv_header_stdio_h=yes
ac_cv_header_stdlib_h=yes
ac_cv_header_string_h=yes
ac_cv_header_strings_h=yes
ac_cv_header_sys_stat_h=yes
ac_cv_header_sys_types_h=yes
ac_cv_header_unistd_h=yes
ac_cv_host=x86_64-pc-linux-gnu
ac_cv_lib_pthread_pthread_create=yes
ac_cv_objext=o
ac_cv_path_EGREP='/usr/bin/grep -E'
ac_cv_path_FGREP='/usr/bin/grep -F'
ac_cv_path_GREP=/usr/bin/grep
ac_cv_path_SED=/usr/bin/sed
ac_cv_path_install='/usr/bin/install -c'
ac_cv_path_lt_DD=/usr/bin/dd
ac_cv_path_mkdir=/usr/bin/mkdir
ac_cv_prog_AWK=gawk
ac_cv_prog_CXXCPP='g++ -E'
ac_cv_prog_ac_ct_AR=ar
ac_cv_prog_ac_ct_CC=gcc
ac_cv_prog_ac_ct_CXX=g++
ac_cv_prog_ac_ct_MANIFEST_TOOL=mt
ac_cv_prog_ac_ct_OBJDUMP=objdump
ac_cv_prog_ac_ct_RANLIB=ranlib
ac_cv_prog_ac_ct_STRIP=strip
ac_cv_prog_cc_c11=
ac_cv_prog_cc_g=yes
ac_cv_prog_cc_stdc=
ac_cv_prog_cxx_11=no
ac_cv_prog_cxx_cxx11=
ac_cv_prog_cxx_g=yes
ac_cv_prog_cxx_stdcxx=
ac_cv_prog_make_make_set=yes
am_cv_CC_dependencies_compiler_type=gcc3
am_cv_CXX_dependencies_compiler_type=gcc3
am_cv_ar_interface=ar
am_cv_make_support_nested_variables=yes
am_cv_prog_cc_c_o=yes
lt_cv_ar_at_file=@
lt_cv_archive_cmds_need_lc=no
lt_cv_deplibs_check_method=pass_all
lt_cv_file_magic_cmd='$MAGIC_CMD'
lt_cv_file_magic_test_file=
lt_cv_ld_reload_flag=-r
lt_cv_nm_interface='BSD nm'
lt_cv_objdir=.libs
lt_cv_path_LD=/usr/bin/ld
lt_cv_path_LDCXX='/usr/bin/ld -m elf_x86_64'
lt_cv_path_NM='/usr/bin/nm -B'
lt_cv_path_mainfest_tool=no
lt_cv_prog_compiler_c_o=yes
lt_cv_prog_compiler_c_o_CXX=yes
lt_cv_prog_compiler_pic='-fPIC -DPIC'
lt_cv_prog_compiler_pic_CXX='-fPIC -DPIC'
lt_cv_prog_compiler_pic_works=yes
lt_cv_prog_compiler_pic_works_CXX=yes
lt_cv_prog_compiler_rtti_exceptions=no
lt_cv_prog_compiler_static_works=yes
lt_cv_prog_compiler_static_works_CXX=yes
lt_cv_prog_gnu_ld=yes
lt_cv_prog_gnu_ldcxx=yes
lt_cv_sharedlib_from_linklib_cmd='printf %s\n'
lt_cv_shlibpath_overrides_runpath=yes
lt_cv_sys_global_symbol_pipe='sed -n -e '\''s/^.*[	 ]\([ABCDGIRSTW][ABCDGIRSTW]*\)[	 ][	 ]*\([_A-Za-z][_A-Za-z0-9]*\)$/\1 \2 \2/p'\'' | sed '\''/ __gnu_lto/d'\'''
lt_cv_sys_global_symbol_to_c_name_address='sed -n -e '\''s/^: \(.*\) .*$/  {"\1", (void *) 0},/p'\'' -e '\''s/^[ABCDGIRSTW][ABCDGIRSTW]* .* \(.*\)$/  {"\1", (void *) \&\1},/p'\'''
lt_cv_sys_global_symbol_to_c_name_address_lib_prefix='sed -n -e '\''s/^: \(.*\) .*$/  {"\1", (void *) 0},/p'\'' -e '\''s/^[ABCDGIRSTW][ABCDGIRSTW]* .* \(lib.*\)$/  {"\1", (void *) \&\1},/p'\'' -e '\''s/^[ABCDGIRSTW][ABCDGIRSTW]* .* \(.*\)$/  {"lib\1", (void *) \&\1},/p'\'''
lt_cv_sys_global_symbol_to_cdecl='sed -n -e '\''s/^T .* \(.*\)$/extern int \1();/p'\'' -e '\''s/^[ABCDGIRSTW][ABCDGIRSTW]* .* \(.*\)$/extern char \1;/p'\'''
lt_cv_sys_global_symbol_to_import=
lt_cv_sys_max_cmd_len=1572864
lt_cv_to_host_file_cmd=func_convert_file_noop
lt_cv_to_tool_file_cmd=func_convert_file_noop
lt_cv_truncate_bin='/usr/bin/dd bs=4096 count=1'

## ----------------- ##
## Output variables. ##
## ----------------- ##

ACLOCAL='${SHELL} '\''/home/parsa/Templates/programming-for-tlc-exam-16-2-2023/autotools-structure/missing'\'' aclocal-1.16'
AMDEPBACKSLASH='\'
AMDEP_FALSE='#'
AMDEP_TRUE=''
AMTAR='$${TAR-tar}'
AM_BACKSLASH='\'
AM_DEFAULT_V='$(AM_DEFAULT_VERBOSITY)'
AM_DEFAULT_VERBOSITY='1'
AM_V='$(V)'
AR='ar'
AS='as'
AUTOCONF='${SHELL} '\''/home/parsa/Templates/programming-for-tlc-exam-16-2-2023/autotools-structure/missing'\'' autoconf'
AUTOHEADER='${SHELL} '\''/home/parsa/Templates/programming-for-tlc-exam-16-2-2023/autotools-structure/missing'\'' autoheader'
AUTOMAKE='${SHELL} '\''/home/parsa/Templates/programming-for-tlc-exam-16-2-2023/autotools-structure/missing'\'' automake-1.16'
AWK='gawk'
BUTILS_LDADD=' -lbasic_utilities'
CC='gcc'
CCDEPMODE='depmode=gcc3'
CFLAGS='-g -O2'
CPPFLAGS=''
CSCOPE='cscope'
CTAGS='ctags'
CXX='g++'
CXXCPP='g++ -E'
CXXDEPMODE='depmode=gcc3'
CXXFLAGS='-g -O2'
CYGPATH_W='echo'
DEFS='-DPACKAGE_NAME=\"PFICT\" -DPACKAGE_TARNAME=\"pfict\" -DPACKAGE_VERSION=\"1.0\" -DPACKAGE_STRING=\"PFICT\ 1.0\" -DPACKAGE_BUGREPORT=\"\" -DPACKAGE_URL=\"\" -DPACKAGE=\"pfict\" -DVERSION=\"1.0\" -DHAVE_STDIO_H=1 -DHAVE_STDLIB_H=1 -DHAVE_STRING_H=1 -DHAVE_INTTYPES_H=1 -DHAVE_STDINT_H=1 -DHAVE_STRINGS_H=1 -DHAVE_SYS_STAT_H=1 -DHAVE_SYS_TYPES_H=1 -DHAVE_UNISTD_H=1 -DSTDC_HEADERS=1 -DHAVE_DLFCN_H=1 -DLT_OBJDIR=\".libs/\" -DCPP_NAMESPACE=std'
DEPDIR='.deps'
DLLTOOL='false'
DSYMUTIL=''
DUMPBIN=''
ECHO_C=''
ECHO_N='-n'
ECHO_T=''
EGREP='/usr/bin/grep -E'
ETAGS='etags'
EXEEXT=''
FGREP='/usr/bin/grep -F'
GREP='/usr/bin/grep'
INSTALL_DATA='${INSTALL} -m 644'
INSTALL_PROGRAM='${INSTALL}'
INSTALL_SCRIPT='${INSTALL}'
INSTALL_STRIP_PROGRAM='$(install_sh) -c -s'
LD='/usr/bin/ld -m elf_x86_64'
LDFLAGS=''
LIBOBJS=''
LIBS=' -lpthread'
LIBTOOL='$(SHELL) $(top_builddir)/libtool'
LIPO=''
LN_S='ln -s'
LTLIBOBJS=''
LT_SYS_LIBRARY_PATH=''
MAKEINFO='${SHELL} '\''/home/parsa/Templates/programming-for-tlc-exam-16-2-2023/autotools-structure/missing'\'' makeinfo'
MANIFEST_TOOL=':'
MKDIR_P='/usr/bin/mkdir -p'
NM='/usr/bin/nm -B'
NMEDIT=''
OBJDUMP='objdump'
OBJEXT='o'
OTOOL64=''
OTOOL=''
PACKAGE='pfict'
PACKAGE_BUGREPORT=''
PACKAGE_NAME='PFICT'
PACKAGE_STRING='PFICT 1.0'
PACKAGE_TARNAME='pfict'
PACKAGE_URL=''
PACKAGE_VERSION='1.0'
PATH_SEPARATOR=':'
PFICT_CPPFLAGS=' -I$(top_srcdir)/basic_utilities -I$(top_srcdir)/second_exam -I$(top_srcdir)/examples/types_declarations_example -I$(top_srcdir)/examples/pointers_arrays_references_example -I$(top_srcdir)/examples/structs_enums_example -I$(top_srcdir)/examples/headers_example -I$(top_srcdir)/examples/statements_example -I$(top_srcdir)/examples/functions_example -I$(top_srcdir)/examples/namespaces_example -I$(top_srcdir)/examples/classes_example -I$(top_srcdir)/examples/socket_example -I$(top_srcdir)/examples/smartpointers_example -I$(top_srcdir)/examples/constructors_example -I$(top_srcdir)/examples/subclassing_example -I$(top_srcdir)/examples/person_class_example -I$(top_srcdir)/examples/memory_example -I$(top_srcdir)/examples/operator_overloading_example -I$(top_srcdir)/examples/rtti_example -I$(top_srcdir)/examples/templates_example -I$(top_srcdir)/examples/stdlib_example -I$(top_srcdir)/examples/threads_example -I$(top_srcdir)/examples/threads_sync_example -I$(top_srcdir)/test/basic_utilities -I$(top_srcdir)/test/second_exam_test $(GCC6_FLAG)'
PFICT_CXXFLAGS=' -Wall -ggdb3 -std=c++11'
PFICT_LDADD='  -lbasic_utilities  -lsecond_exam'
PFICT_LDFLAGS=' -L$(top_srcdir)/basic_utilities -L$(top_srcdir)/second_exam'
PFICT_LIBADD=''
RANLIB='ranlib'
SECOND_EXAM_LDADD=' -lsecond_exam'
SED='/usr/bin/sed'
SET_MAKE=''
SHELL='/bin/bash'
STRIP='strip'
VERSION='1.0'
WITH_TEST_FALSE=''
WITH_TEST_TRUE='#'
ac_ct_AR='ar'
ac_ct_CC='gcc'
ac_ct_CXX='g++'
ac_ct_DUMPBIN=''
am__EXEEXT_FALSE=''
am__EXEEXT_TRUE='#'
am__fastdepCC_FALSE='#'
am__fastdepCC_TRUE=''
am__fastdepCXX_FALSE='#'
am__fastdepCXX_TRUE=''
am__include='include'
am__isrc=''
am__leading_dot='.'
am__nodep='_no'
am__quote=''
am__tar='$${TAR-tar} chof - "$$tardir"'
am__untar='$${TAR-tar} xf -'
bindir='${exec_prefix}/bin'
build='x86_64-pc-linux-gnu'
build_alias=''
build_cpu='x86_64'
build_os='linux-gnu'
build_vendor='pc'
datadir='${datarootdir}'
datarootdir='${prefix}/share'
docdir='${datarootdir}/doc/${PACKAGE_TARNAME}'
dvidir='${docdir}'
exec_prefix='${prefix}'
host='x86_64-pc-linux-gnu'
host_alias=''
host_cpu='x86_64'
host_os='linux-gnu'
host_vendor='pc'
htmldir='${docdir}'
includedir='${prefix}/include'
infodir='${datarootdir}/info'
install_sh='${SHELL} /home/parsa/Templates/programming-for-tlc-exam-16-2-2023/autotools-structure/install-sh'
libdir='${exec_prefix}/lib'
libexecdir='${exec_prefix}/libexec'
localedir='${datarootdir}/locale'
localstatedir='${prefix}/var'
mandir='${datarootdir}/man'
mkdir_p='$(MKDIR_P)'
oldincludedir='/usr/include'
pdfdir='${docdir}'
prefix='/home/parsa/Templates/programming-for-tlc-exam-16-2-2023/autotools-structure'
program_transform_name='s,x,x,'
psdir='${docdir}'
runstatedir='${localstatedir}/run'
sbindir='${exec_prefix}/sbin'
sharedstatedir='${prefix}/com'
sysconfdir='${prefix}/etc'
target_alias=''
top_srcdir=''
with_test=''

## ----------- ##
## confdefs.h. ##
## ----------- ##

/* confdefs.h */
#define PACKAGE_NAME "PFICT"
#define PACKAGE_TARNAME "pfict"
#define PACKAGE_VERSION "1.0"
#define PACKAGE_STRING "PFICT 1.0"
#define PACKAGE_BUGREPORT ""
#define PACKAGE_URL ""
#define PACKAGE "pfict"
#define VERSION "1.0"
#define HAVE_STDIO_H 1
#define HAVE_STDLIB_H 1
#define HAVE_STRING_H 1
#define HAVE_INTTYPES_H 1
#define HAVE_STDINT_H 1
#define HAVE_STRINGS_H 1
#define HAVE_SYS_STAT_H 1
#define HAVE_SYS_TYPES_H 1
#define HAVE_UNISTD_H 1
#define STDC_HEADERS 1
#define HAVE_DLFCN_H 1
#define LT_OBJDIR ".libs/"
#define CPP_NAMESPACE std

configure: exit 0
